<?xml version="1.0" encoding="UTF-8"?>
<testsuite xmlns:xsi="http://www.w3.org/2001/XMLSchema-instance" xsi:noNamespaceSchemaLocation="https://maven.apache.org/surefire/maven-surefire-plugin/xsd/surefire-test-report-3.0.xsd" version="3.0" name="com.mtripode.jobapp.service.repository.CompanyRepositoryTest" time="0.088" tests="2" errors="0" skipped="0" failures="0">
  <properties>
[...]
</properties>
  <testcase name="testFindByName" classname="com.mtripode.jobapp.service.repository.CompanyRepositoryTest" time="0.025">
    <system-out><![CDATA[2026-01-13T10:52:03.105-03:00  INFO 20512 --- [jobapp] [           main] t.c.s.AnnotationConfigContextLoaderUtils : Could not detect default configuration classes for test class [com.mtripode.jobapp.service.repository.CompanyRepositoryTest]: CompanyRepositoryTest does not declare any static, non-private, non-final, nested classes annotated with @Configuration.
2026-01-13T10:52:03.129-03:00  INFO 20512 --- [jobapp] [           main] .b.t.c.SpringBootTestContextBootstrapper : Found @SpringBootConfiguration com.mtripode.jobapp.service.ServiceTestApplication for test class com.mtripode.jobapp.service.repository.CompanyRepositoryTest
Hibernate: insert into company (created_at,description,name,updated_at,website,id) values (?,?,?,?,?,default)
Hibernate: select c1_0.id,c1_0.created_at,c1_0.description,c1_0.name,c1_0.updated_at,c1_0.website from company c1_0 where c1_0.name=?
]]></system-out>
  </testcase>
  <testcase name="testFindByNameContainingIgnoreCase" classname="com.mtripode.jobapp.service.repository.CompanyRepositoryTest" time="0.023">
    <system-out><![CDATA[Hibernate: insert into company (created_at,description,name,updated_at,website,id) values (?,?,?,?,?,default)
Hibernate: select c1_0.id,c1_0.created_at,c1_0.description,c1_0.name,c1_0.updated_at,c1_0.website from company c1_0 where upper(c1_0.name) like upper(?) escape '\'
]]></system-out>
  </testcase>
</testsuite>