<?xml version="1.0" encoding="UTF-8"?>
<testsuite xmlns:xsi="http://www.w3.org/2001/XMLSchema-instance" xsi:noNamespaceSchemaLocation="https://maven.apache.org/surefire/maven-surefire-plugin/xsd/surefire-test-report-3.0.xsd" version="3.0" name="com.mtripode.jobapp.service.repository.CandidateRepositoryTest" time="11.675" tests="6" errors="0" skipped="0" failures="0">
  <properties>
[...]
</properties>
  <testcase name="testFindCandidatesWithMoreThan" classname="com.mtripode.jobapp.service.repository.CandidateRepositoryTest" time="1.043">
    <system-out><![CDATA[10:51:51.704 [main] INFO org.springframework.test.context.support.AnnotationConfigContextLoaderUtils -- Could not detect default configuration classes for test class [com.mtripode.jobapp.service.repository.CandidateRepositoryTest]: CandidateRepositoryTest does not declare any static, non-private, non-final, nested classes annotated with @Configuration.
10:51:52.011 [main] INFO org.springframework.boot.test.context.SpringBootTestContextBootstrapper -- Found @SpringBootConfiguration com.mtripode.jobapp.service.ServiceTestApplication for test class com.mtripode.jobapp.service.repository.CandidateRepositoryTest

  .   ____          _            __ _ _
 /\\ / ___'_ __ _ _(_)_ __  __ _ \ \ \ \
( ( )\___ | '_ | '_| | '_ \/ _` | \ \ \ \
 \\/  ___)| |_)| | | | | || (_| |  ) ) ) )
  '  |____| .__|_| |_|_| |_\__, | / / / /
 =========|_|==============|___/=/_/_/_/

 :: Spring Boot ::                (v3.3.5)

2026-01-13T10:51:52.969-03:00  INFO 20512 --- [jobapp] [           main] c.m.j.s.r.CandidateRepositoryTest        : Starting CandidateRepositoryTest using Java 24.0.1 with PID 20512 (started by mtrip in C:\vstudio\jobapp_backend\jobapp-service)
2026-01-13T10:51:52.971-03:00  INFO 20512 --- [jobapp] [           main] c.m.j.s.r.CandidateRepositoryTest        : The following 1 profile is active: "test"
2026-01-13T10:51:54.009-03:00  INFO 20512 --- [jobapp] [           main] .s.d.r.c.RepositoryConfigurationDelegate : Multiple Spring Data modules found, entering strict repository configuration mode
2026-01-13T10:51:54.014-03:00  INFO 20512 --- [jobapp] [           main] .s.d.r.c.RepositoryConfigurationDelegate : Bootstrapping Spring Data JPA repositories in DEFAULT mode.
2026-01-13T10:51:54.234-03:00  INFO 20512 --- [jobapp] [           main] .s.d.r.c.RepositoryConfigurationDelegate : Finished Spring Data repository scanning in 190 ms. Found 6 JPA repository interfaces.
2026-01-13T10:51:54.391-03:00  INFO 20512 --- [jobapp] [           main] beddedDataSourceBeanFactoryPostProcessor : Replacing 'dataSource' DataSource bean with embedded version
2026-01-13T10:51:55.365-03:00  INFO 20512 --- [jobapp] [           main] o.s.j.d.e.EmbeddedDatabaseFactory        : Starting embedded database: url='jdbc:h2:mem:6c073d1d-d488-4532-a2a4-ba3dffbcac3e;DB_CLOSE_DELAY=-1;DB_CLOSE_ON_EXIT=false', username='sa'
2026-01-13T10:51:56.133-03:00  INFO 20512 --- [jobapp] [           main] o.hibernate.jpa.internal.util.LogHelper  : HHH000204: Processing PersistenceUnitInfo [name: default]
2026-01-13T10:51:56.276-03:00  INFO 20512 --- [jobapp] [           main] org.hibernate.Version                    : HHH000412: Hibernate ORM core version 6.5.3.Final
2026-01-13T10:51:56.359-03:00  INFO 20512 --- [jobapp] [           main] o.h.c.internal.RegionFactoryInitiator    : HHH000026: Second-level cache disabled
2026-01-13T10:51:56.940-03:00  INFO 20512 --- [jobapp] [           main] o.s.o.j.p.SpringPersistenceUnitInfo      : No LoadTimeWeaver setup: ignoring JPA class transformer
2026-01-13T10:51:59.045-03:00  INFO 20512 --- [jobapp] [           main] o.h.e.t.j.p.i.JtaPlatformInitiator       : HHH000489: No JTA platform available (set 'hibernate.transaction.jta.platform' to enable JTA platform integration)
Hibernate: create table candidate (id bigint generated by default as identity, created_at timestamp(6), updated_at timestamp(6), email varchar(255), github varchar(255), linked_in varchar(255), phone varchar(255), full_name varchar(255) not null, primary key (id))
Hibernate: create table company (id bigint generated by default as identity, created_at timestamp(6), updated_at timestamp(6), description varchar(1000), name varchar(255) not null, website varchar(255), primary key (id))
Hibernate: create table interview (id bigint generated by default as identity, created_at timestamp(6), updated_at timestamp(6), feedback varchar(1000), scheduled_at timestamp(6) not null, type enum ('HR','ONLINE','ONSITE','PHONE','TECHNICAL','VIDEO') not null, application_id bigint not null, primary key (id))
Hibernate: create table job_application (id bigint generated by default as identity, created_at timestamp(6), updated_at timestamp(6), date_applied date, date_rejected date, description varchar(255), source_link varchar(255) not null, status enum ('APPLIED','HIRED','INTERVIEWED','INTERVIEW_SCHEDULED','OFFERED','REJECTED') not null, website_source varchar(1500), candidate_id bigint not null, company_id bigint not null, position_id bigint not null, primary key (id))
Hibernate: create table job_offer (id bigint generated by default as identity, created_at timestamp(6), updated_at timestamp(6), offered_at date not null, status enum ('ACCEPTED','PENDING','REJECTED') not null, application_id bigint not null, primary key (id))
Hibernate: create table position (id bigint generated by default as identity, created_at timestamp(6), updated_at timestamp(6), description varchar(2000), location varchar(255), title varchar(255) not null, company_id bigint not null, primary key (id))
Hibernate: create index idx_candidate_email on candidate (email)
Hibernate: alter table if exists company drop constraint if exists UKniu8sfil2gxywcru9ah3r4ec5
Hibernate: alter table if exists company add constraint UKniu8sfil2gxywcru9ah3r4ec5 unique (name)
Hibernate: alter table if exists job_application drop constraint if exists UK2y6rmfo4xoamfe5xhpy9xbve7
Hibernate: alter table if exists job_application add constraint UK2y6rmfo4xoamfe5xhpy9xbve7 unique (website_source)
Hibernate: alter table if exists interview add constraint FK5j68wb5lp37s0io99tdlhpctp foreign key (application_id) references job_application
Hibernate: alter table if exists job_application add constraint FKgq7rbq1q2388owxysfur67tfh foreign key (candidate_id) references candidate
Hibernate: alter table if exists job_application add constraint FKpk9sxfmuagscxttppfukwd2pq foreign key (company_id) references company
Hibernate: alter table if exists job_application add constraint FKj2lswxugyi2gfxsh1tqv585kj foreign key (position_id) references position
Hibernate: alter table if exists job_offer add constraint FK22s9p36rqaqowmn2ohrcskom foreign key (application_id) references job_application
Hibernate: alter table if exists position add constraint FKkpqfp6ontwcnqpkrfwv02iw1y foreign key (company_id) references company
2026-01-13T10:51:59.145-03:00  INFO 20512 --- [jobapp] [           main] j.LocalContainerEntityManagerFactoryBean : Initialized JPA EntityManagerFactory for persistence unit 'default'
2026-01-13T10:52:00.289-03:00  INFO 20512 --- [jobapp] [           main] o.s.d.j.r.query.QueryEnhancerFactory     : Hibernate is in classpath; If applicable, HQL parser will be used.
2026-01-13T10:52:01.905-03:00  INFO 20512 --- [jobapp] [           main] c.m.j.s.r.CandidateRepositoryTest        : Started CandidateRepositoryTest in 9.785 seconds (process running for 12.386)
Hibernate: insert into candidate (email,github,linked_in,phone,created_at,full_name,updated_at,id) values (?,?,?,?,?,?,?,default)
Hibernate: insert into company (created_at,description,name,updated_at,website,id) values (?,?,?,?,?,default)
Hibernate: insert into position (company_id,created_at,description,location,title,updated_at,id) values (?,?,?,?,?,?,default)
Hibernate: insert into job_application (candidate_id,company_id,created_at,date_applied,date_rejected,description,position_id,source_link,status,updated_at,website_source,id) values (?,?,?,?,?,?,?,?,?,?,?,default)
Hibernate: insert into job_application (candidate_id,company_id,created_at,date_applied,date_rejected,description,position_id,source_link,status,updated_at,website_source,id) values (?,?,?,?,?,?,?,?,?,?,?,default)
Hibernate: select c1_0.id,c1_0.email,c1_0.github,c1_0.linked_in,c1_0.phone,c1_0.created_at,c1_0.full_name,c1_0.updated_at from candidate c1_0 where (select count(1) from job_application a1_0 where c1_0.id=a1_0.candidate_id)>?
]]></system-out>
    <system-err><![CDATA[WARNING: A Java agent has been loaded dynamically (C:\Users\mtrip\.m2\repository\net\bytebuddy\byte-buddy-agent\1.14.19\byte-buddy-agent-1.14.19.jar)
WARNING: If a serviceability tool is in use, please run with -XX:+EnableDynamicAgentLoading to hide this warning
WARNING: If a serviceability tool is not in use, please run with -Djdk.instrument.traceUsage for more information
WARNING: Dynamic loading of agents will be disallowed by default in a future release
]]></system-err>
  </testcase>
  <testcase name="testFindByFullNameContainingIgnoreCase" classname="com.mtripode.jobapp.service.repository.CandidateRepositoryTest" time="0.043">
    <system-out><![CDATA[Hibernate: insert into candidate (email,github,linked_in,phone,created_at,full_name,updated_at,id) values (?,?,?,?,?,?,?,default)
Hibernate: select c1_0.id,c1_0.email,c1_0.github,c1_0.linked_in,c1_0.phone,c1_0.created_at,c1_0.full_name,c1_0.updated_at from candidate c1_0 where upper(c1_0.full_name) like upper(?) escape '\'
]]></system-out>
  </testcase>
  <testcase name="testFindByEmail" classname="com.mtripode.jobapp.service.repository.CandidateRepositoryTest" time="0.016">
    <system-out><![CDATA[Hibernate: insert into candidate (email,github,linked_in,phone,created_at,full_name,updated_at,id) values (?,?,?,?,?,?,?,default)
Hibernate: select c1_0.id,c1_0.email,c1_0.github,c1_0.linked_in,c1_0.phone,c1_0.created_at,c1_0.full_name,c1_0.updated_at from candidate c1_0 where c1_0.email=?
]]></system-out>
  </testcase>
  <testcase name="testFindByPhone" classname="com.mtripode.jobapp.service.repository.CandidateRepositoryTest" time="0.014">
    <system-out><![CDATA[Hibernate: insert into candidate (email,github,linked_in,phone,created_at,full_name,updated_at,id) values (?,?,?,?,?,?,?,default)
Hibernate: select c1_0.id,c1_0.email,c1_0.github,c1_0.linked_in,c1_0.phone,c1_0.created_at,c1_0.full_name,c1_0.updated_at from candidate c1_0 where c1_0.phone=?
]]></system-out>
  </testcase>
  <testcase name="testFindByFullName" classname="com.mtripode.jobapp.service.repository.CandidateRepositoryTest" time="0.011">
    <system-out><![CDATA[Hibernate: insert into candidate (email,github,linked_in,phone,created_at,full_name,updated_at,id) values (?,?,?,?,?,?,?,default)
Hibernate: select c1_0.id,c1_0.email,c1_0.github,c1_0.linked_in,c1_0.phone,c1_0.created_at,c1_0.full_name,c1_0.updated_at from candidate c1_0 where c1_0.full_name=?
]]></system-out>
  </testcase>
  <testcase name="testFindByApplicationsIsNotEmpty" classname="com.mtripode.jobapp.service.repository.CandidateRepositoryTest" time="0.031">
    <system-out><![CDATA[Hibernate: insert into candidate (email,github,linked_in,phone,created_at,full_name,updated_at,id) values (?,?,?,?,?,?,?,default)
Hibernate: insert into company (created_at,description,name,updated_at,website,id) values (?,?,?,?,?,default)
Hibernate: insert into position (company_id,created_at,description,location,title,updated_at,id) values (?,?,?,?,?,?,default)
Hibernate: insert into job_application (candidate_id,company_id,created_at,date_applied,date_rejected,description,position_id,source_link,status,updated_at,website_source,id) values (?,?,?,?,?,?,?,?,?,?,?,default)
Hibernate: select c1_0.id,c1_0.email,c1_0.github,c1_0.linked_in,c1_0.phone,c1_0.created_at,c1_0.full_name,c1_0.updated_at from candidate c1_0 where exists(select 1 from job_application a1_0 where c1_0.id=a1_0.candidate_id)
]]></system-out>
  </testcase>
</testsuite>